2025-06-01 08:39:49,037 - backtest - INFO - 
============================================================
2025-06-01 08:39:49,037 - backtest - INFO - ============================================================
2025-06-01 08:39:49,037 - backtest - INFO - バックテスト開始: 2025-05-25 08:39:49.037435 から 2025-06-01 08:39:49.037435
2025-06-01 08:39:49,205 - backtest - INFO -    期間: 2025-05-25 09:00:00 - 2025-05-31 23:00:00
2025-06-01 08:39:49,206 - backtest - INFO -    価格範囲: $19.77 - $24.34
2025-06-01 08:39:49,256 - backtest - INFO -    期間: 2025-05-25 09:00:00 - 2025-05-31 23:00:00
2025-06-01 08:39:49,256 - backtest - INFO -    価格範囲: $13.39 - $16.19
2025-06-01 08:39:49,304 - backtest - INFO -    期間: 2025-05-25 09:00:00 - 2025-05-31 23:00:00
2025-06-01 08:39:49,304 - backtest - INFO -    価格範囲: $103074.94 - $110718.00
2025-06-01 08:39:49,358 - mexc_api - INFO - MEXC API接続を閉じています...
2025-06-01 08:39:49,359 - mexc_api - INFO - MEXC API接続を閉じました。
2025-06-01 08:39:49,362 - backtest - INFO -    総取引数: 3
2025-06-01 08:39:49,362 - backtest - INFO -    勝率: 0.0%
2025-06-01 08:39:49,362 - backtest - INFO -    総収益率: 0.00%
2025-06-01 08:39:49,362 - backtest - INFO -    年率収益率: 0.00%
2025-06-01 08:39:49,362 - backtest - INFO -    シャープレシオ: 0.00
2025-06-01 08:39:49,362 - backtest - INFO -    最大ドローダウン: 0.00%
2025-06-01 08:39:49,362 - backtest - INFO -    プロフィットファクター: inf
2025-06-01 08:39:49,362 - backtest - INFO - 
============================================================
2025-06-01 08:39:49,362 - backtest - INFO - ============================================================
2025-06-01 08:39:49,362 - backtest - INFO - バックテスト開始: 2025-05-18 08:39:49.037435 から 2025-06-01 08:39:49.037435
2025-06-01 08:39:49,435 - backtest - INFO -    期間: 2025-05-18 12:00:00 - 2025-05-31 20:00:00
2025-06-01 08:39:49,435 - backtest - INFO -    価格範囲: $19.77 - $25.98
2025-06-01 08:39:49,490 - backtest - INFO -    期間: 2025-05-18 12:00:00 - 2025-05-31 20:00:00
2025-06-01 08:39:49,490 - backtest - INFO -    価格範囲: $13.39 - $17.16
2025-06-01 08:39:49,553 - backtest - INFO -    期間: 2025-05-18 12:00:00 - 2025-05-31 20:00:00
2025-06-01 08:39:49,553 - backtest - INFO -    価格範囲: $102001.00 - $111979.69
2025-06-01 08:39:49,574 - mexc_api - INFO - MEXC API接続を閉じています...
2025-06-01 08:39:49,574 - mexc_api - INFO - MEXC API接続を閉じました。
2025-06-01 08:39:49,575 - backtest - INFO -    総取引数: 3
2025-06-01 08:39:49,575 - backtest - INFO -    勝率: 0.0%
2025-06-01 08:39:49,575 - backtest - INFO -    総収益率: 0.00%
2025-06-01 08:39:49,575 - backtest - INFO -    年率収益率: 0.00%
2025-06-01 08:39:49,575 - backtest - INFO -    シャープレシオ: 0.00
2025-06-01 08:39:49,576 - backtest - INFO -    最大ドローダウン: 0.00%
2025-06-01 08:39:49,576 - backtest - INFO -    プロフィットファクター: inf
2025-06-01 08:39:49,576 - backtest - INFO - 
============================================================
2025-06-01 08:39:49,576 - backtest - INFO - ============================================================
2025-06-01 08:39:49,576 - backtest - INFO - バックテスト開始: 2025-05-02 08:39:49.037435 から 2025-06-01 08:39:49.037435
2025-06-01 08:39:49,651 - backtest - INFO -    期間: 2025-05-02 12:00:00 - 2025-05-31 20:00:00
2025-06-01 08:39:49,651 - backtest - INFO -    価格範囲: $19.08 - $26.84
2025-06-01 08:39:49,700 - backtest - INFO -    期間: 2025-05-02 12:00:00 - 2025-05-31 20:00:00
2025-06-01 08:39:49,700 - backtest - INFO -    価格範囲: $13.20 - $17.97
2025-06-01 08:39:49,749 - backtest - INFO -    期間: 2025-05-02 12:00:00 - 2025-05-31 20:00:00
2025-06-01 08:39:49,750 - backtest - INFO -    価格範囲: $93379.08 - $111979.69
2025-06-01 08:39:49,866 - mexc_api - INFO - MEXC API接続を閉じています...
2025-06-01 08:39:49,866 - mexc_api - INFO - MEXC API接続を閉じました。
2025-06-01 08:39:49,868 - backtest - INFO -    総取引数: 3
2025-06-01 08:39:49,868 - backtest - INFO -    勝率: 0.0%
2025-06-01 08:39:49,868 - backtest - INFO -    総収益率: 0.00%
2025-06-01 08:39:49,868 - backtest - INFO -    年率収益率: 0.00%
2025-06-01 08:39:49,868 - backtest - INFO -    シャープレシオ: 0.00
2025-06-01 08:39:49,868 - backtest - INFO -    最大ドローダウン: 0.00%
2025-06-01 08:39:49,868 - backtest - INFO -    プロフィットファクター: inf
2025-06-01 08:39:49,868 - backtest - INFO - 
============================================================
2025-06-01 08:39:49,868 - backtest - INFO - ============================================================
2025-06-01 08:39:49,869 - backtest - INFO - バックテスト開始: 2025-03-03 08:39:49.037435 から 2025-06-01 08:39:49.037435
2025-06-01 08:39:49,921 - backtest - INFO -    期間: 2025-03-04 00:00:00 - 2025-05-31 00:00:00
2025-06-01 08:39:49,922 - backtest - INFO -    価格範囲: $14.67 - $26.84
2025-06-01 08:39:49,963 - backtest - INFO -    期間: 2025-03-04 00:00:00 - 2025-05-31 00:00:00
2025-06-01 08:39:49,964 - backtest - INFO -    価格範囲: $10.10 - $17.97
2025-06-01 08:39:50,030 - backtest - INFO -    期間: 2025-03-04 00:00:00 - 2025-05-31 00:00:00
2025-06-01 08:39:50,031 - backtest - INFO -    価格範囲: $74508.01 - $111979.69
2025-06-01 08:39:50,051 - mexc_api - INFO - MEXC API接続を閉じています...
2025-06-01 08:39:50,051 - mexc_api - INFO - MEXC API接続を閉じました。
2025-06-01 08:39:50,053 - backtest - INFO -    総取引数: 3
2025-06-01 08:39:50,053 - backtest - INFO -    勝率: 0.0%
2025-06-01 08:39:50,053 - backtest - INFO -    総収益率: 0.00%
2025-06-01 08:39:50,053 - backtest - INFO -    年率収益率: 0.00%
2025-06-01 08:39:50,053 - backtest - INFO -    シャープレシオ: 0.00
2025-06-01 08:39:50,053 - backtest - INFO -    最大ドローダウン: 0.00%
2025-06-01 08:39:50,053 - backtest - INFO -    プロフィットファクター: inf
2025-06-01 08:39:50,053 - backtest - INFO - 
============================================================
2025-06-01 08:39:50,053 - backtest - INFO - ============================================================
2025-06-01 08:39:50,054 - backtest - INFO - バックテスト開始: 2024-12-03 08:39:49.037435 から 2025-06-01 08:39:49.037435
2025-06-01 08:39:50,102 - backtest - INFO -    期間: 2024-12-04 00:00:00 - 2025-05-31 00:00:00
2025-06-01 08:39:50,103 - backtest - INFO -    価格範囲: $14.67 - $55.77
2025-06-01 08:39:50,133 - backtest - INFO -    期間: 2024-12-04 00:00:00 - 2025-05-31 00:00:00
2025-06-01 08:39:50,133 - backtest - INFO -    価格範囲: $10.10 - $30.90
2025-06-01 08:39:50,174 - backtest - INFO -    期間: 2024-12-04 00:00:00 - 2025-05-31 00:00:00
2025-06-01 08:39:50,175 - backtest - INFO -    価格範囲: $74508.01 - $111979.69
2025-06-01 08:39:50,215 - mexc_api - INFO - MEXC API接続を閉じています...
2025-06-01 08:39:50,216 - mexc_api - INFO - MEXC API接続を閉じました。
2025-06-01 08:39:50,218 - backtest - INFO -    総取引数: 3
2025-06-01 08:39:50,218 - backtest - INFO -    勝率: 0.0%
2025-06-01 08:39:50,218 - backtest - INFO -    総収益率: 0.00%
2025-06-01 08:39:50,218 - backtest - INFO -    年率収益率: 0.00%
2025-06-01 08:39:50,218 - backtest - INFO -    シャープレシオ: 0.00
2025-06-01 08:39:50,218 - backtest - INFO -    最大ドローダウン: 0.00%
2025-06-01 08:39:50,218 - backtest - INFO -    プロフィットファクター: inf
2025-06-01 08:39:50,228 - backtest - INFO - バックテスト開始: 2025-05-18 08:39:50.227084 から 2025-06-01 08:39:50.227084
